Watching for file changes with StatReloader
Not Found: /
"GET / HTTP/1.1" 404 2167
"GET /game/kub/ HTTP/1.1" 200 1
"GET /game/kub/ HTTP/1.1" 200 1
"GET /game/kub/ HTTP/1.1" 200 1
"GET /game/kub/ HTTP/1.1" 200 1
"GET /game/kub/ HTTP/1.1" 200 1
Watching for file changes with StatReloader
Not Found: /
"GET / HTTP/1.1" 404 2167
Not Found: /favicon.ico
"GET /favicon.ico HTTP/1.1" 404 2218
"GET /game/kub/ HTTP/1.1" 200 1
C:\Users\Настя\PycharmProjects\DjangoProject\myproject\gameapp\views.py changed, reloading.
Watching for file changes with StatReloader
Watching for file changes with StatReloader
C:\Users\Настя\PycharmProjects\DjangoProject\myproject\gameapp\urls.py changed, reloading.
Watching for file changes with StatReloader
Not Found: /
"GET / HTTP/1.1" 404 2167
Not Found: /games/base
"GET /games/base HTTP/1.1" 404 2215
"GET /game/base HTTP/1.1" 301 0
Internal Server Error: /game/base/
Traceback (most recent call last):
  File "C:\Users\Настя\PycharmProjects\DjangoProject\venv\Lib\site-packages\django\core\handlers\exception.py", line 55, in inner
    response = get_response(request)
               ^^^^^^^^^^^^^^^^^^^^^
  File "C:\Users\Настя\PycharmProjects\DjangoProject\venv\Lib\site-packages\django\core\handlers\base.py", line 197, in _get_response
    response = wrapped_callback(request, *callback_args, **callback_kwargs)
               ^^^^^^^^^^^^^^^^^^^^^^^^^^^^^^^^^^^^^^^^^^^^^^^^^^^^^^^^^^^^
  File "C:\Users\Настя\PycharmProjects\DjangoProject\myproject\gameapp\views.py", line 51, in base
    logger.info(f'посещение страницы index в: {datetime.now()}')
                                               ^^^^^^^^^^^^
AttributeError: module 'datetime' has no attribute 'now'
"GET /game/base/ HTTP/1.1" 500 65837
C:\Users\Настя\PycharmProjects\DjangoProject\myproject\gameapp\views.py changed, reloading.
Watching for file changes with StatReloader
"GET /game/base/ HTTP/1.1" 200 856
"GET /game/about/ HTTP/1.1" 200 992
Watching for file changes with StatReloader
C:\Users\Настя\PycharmProjects\DjangoProject\myproject\gameapp\views.py changed, reloading.
Watching for file changes with StatReloader
Not Found: /
"GET / HTTP/1.1" 404 2167
Not Found: /favicon.ico
"GET /favicon.ico HTTP/1.1" 404 2218
"GET /game/coin HTTP/1.1" 301 0
Internal Server Error: /game/coin/
Traceback (most recent call last):
  File "C:\Users\Настя\PycharmProjects\DjangoProject\venv\Lib\site-packages\django\core\handlers\exception.py", line 55, in inner
    response = get_response(request)
               ^^^^^^^^^^^^^^^^^^^^^
  File "C:\Users\Настя\PycharmProjects\DjangoProject\venv\Lib\site-packages\django\core\handlers\base.py", line 197, in _get_response
    response = wrapped_callback(request, *callback_args, **callback_kwargs)
               ^^^^^^^^^^^^^^^^^^^^^^^^^^^^^^^^^^^^^^^^^^^^^^^^^^^^^^^^^^^^
  File "C:\Users\Настя\PycharmProjects\DjangoProject\myproject\gameapp\views.py", line 18, in coin
    arg = Coin(site=site)
          ^^^^^^^^^^^^^^^
  File "C:\Users\Настя\PycharmProjects\DjangoProject\venv\Lib\site-packages\django\db\models\base.py", line 567, in __init__
    raise TypeError(
TypeError: Coin() got unexpected keyword arguments: 'site'
"GET /game/coin/ HTTP/1.1" 500 70788
C:\Users\Настя\PycharmProjects\DjangoProject\myproject\gameapp\views.py changed, reloading.
Watching for file changes with StatReloader
"GET /game/coin/ HTTP/1.1" 200 10
"GET /game/coin/ HTTP/1.1" 200 8
"GET /game/coin/ HTTP/1.1" 200 8
"GET /game/coin/ HTTP/1.1" 200 10
"GET /game/coin/ HTTP/1.1" 200 10
C:\Users\Настя\PycharmProjects\DjangoProject\myproject\gameapp\views.py changed, reloading.
Watching for file changes with StatReloader
C:\Users\Настя\PycharmProjects\DjangoProject\myproject\gameapp\models.py changed, reloading.
Watching for file changes with StatReloader
C:\Users\Настя\PycharmProjects\DjangoProject\myproject\gameapp\models.py changed, reloading.
Watching for file changes with StatReloader
C:\Users\Настя\PycharmProjects\DjangoProject\myproject\gameapp\models.py changed, reloading.
Watching for file changes with StatReloader
Watching for file changes with StatReloader
C:\Users\Настя\PycharmProjects\DjangoProject\myproject\gameapp\views.py changed, reloading.
Watching for file changes with StatReloader
C:\Users\Настя\PycharmProjects\DjangoProject\myproject\gameapp\models.py changed, reloading.
Watching for file changes with StatReloader
C:\Users\Настя\PycharmProjects\DjangoProject\myproject\gameapp\models.py changed, reloading.
Watching for file changes with StatReloader
C:\Users\Настя\PycharmProjects\DjangoProject\myproject\gameapp\models.py changed, reloading.
Watching for file changes with StatReloader
C:\Users\Настя\PycharmProjects\DjangoProject\myproject\gameapp\views.py changed, reloading.
Watching for file changes with StatReloader
C:\Users\Настя\PycharmProjects\DjangoProject\myproject\gameapp\views.py changed, reloading.
Watching for file changes with StatReloader
C:\Users\Настя\PycharmProjects\DjangoProject\myproject\gameapp\views.py changed, reloading.
Watching for file changes with StatReloader
Watching for file changes with StatReloader
C:\Users\Настя\PycharmProjects\DjangoProject\myproject\gameapp\views.py changed, reloading.
Watching for file changes with StatReloader
Watching for file changes with StatReloader
C:\Users\Настя\PycharmProjects\DjangoProject\myproject\blogapp\models.py changed, reloading.
Watching for file changes with StatReloader
C:\Users\Настя\PycharmProjects\DjangoProject\myproject\blogapp\models.py changed, reloading.
Watching for file changes with StatReloader
C:\Users\Настя\PycharmProjects\DjangoProject\myproject\blogapp\models.py changed, reloading.
Watching for file changes with StatReloader
Watching for file changes with StatReloader
Watching for file changes with StatReloader
C:\Users\Настя\PycharmProjects\DjangoProject\myproject\gameapp\models.py changed, reloading.
Watching for file changes with StatReloader
Watching for file changes with StatReloader
C:\Users\Настя\PycharmProjects\DjangoProject\myproject\gameapp\views.py changed, reloading.
Watching for file changes with StatReloader
C:\Users\Настя\PycharmProjects\DjangoProject\myproject\gameapp\urls.py changed, reloading.
Watching for file changes with StatReloader
C:\Users\Настя\PycharmProjects\DjangoProject\myproject\gameapp\urls.py changed, reloading.
Watching for file changes with StatReloader
Not Found: /
"GET / HTTP/1.1" 404 2272
Not Found: /favicon.ico
"GET /favicon.ico HTTP/1.1" 404 2323
Internal Server Error: /game/coin/
Traceback (most recent call last):
  File "C:\Users\Настя\PycharmProjects\DjangoProject\venv\Lib\site-packages\django\db\backends\utils.py", line 105, in _execute
    return self.cursor.execute(sql, params)
           ^^^^^^^^^^^^^^^^^^^^^^^^^^^^^^^^
  File "C:\Users\Настя\PycharmProjects\DjangoProject\venv\Lib\site-packages\django\db\backends\sqlite3\base.py", line 329, in execute
    return super().execute(query, params)
           ^^^^^^^^^^^^^^^^^^^^^^^^^^^^^^
sqlite3.OperationalError: no such table: gameapp_coin

The above exception was the direct cause of the following exception:

Traceback (most recent call last):
  File "C:\Users\Настя\PycharmProjects\DjangoProject\venv\Lib\site-packages\django\core\handlers\exception.py", line 55, in inner
    response = get_response(request)
               ^^^^^^^^^^^^^^^^^^^^^
  File "C:\Users\Настя\PycharmProjects\DjangoProject\venv\Lib\site-packages\django\core\handlers\base.py", line 197, in _get_response
    response = wrapped_callback(request, *callback_args, **callback_kwargs)
               ^^^^^^^^^^^^^^^^^^^^^^^^^^^^^^^^^^^^^^^^^^^^^^^^^^^^^^^^^^^^
  File "C:\Users\Настя\PycharmProjects\DjangoProject\myproject\gameapp\views.py", line 16, in coin
    arg.save()
  File "C:\Users\Настя\PycharmProjects\DjangoProject\venv\Lib\site-packages\django\db\models\base.py", line 822, in save
    self.save_base(
  File "C:\Users\Настя\PycharmProjects\DjangoProject\venv\Lib\site-packages\django\db\models\base.py", line 909, in save_base
    updated = self._save_table(
              ^^^^^^^^^^^^^^^^^
  File "C:\Users\Настя\PycharmProjects\DjangoProject\venv\Lib\site-packages\django\db\models\base.py", line 1067, in _save_table
    results = self._do_insert(
              ^^^^^^^^^^^^^^^^
  File "C:\Users\Настя\PycharmProjects\DjangoProject\venv\Lib\site-packages\django\db\models\base.py", line 1108, in _do_insert
    return manager._insert(
           ^^^^^^^^^^^^^^^^
  File "C:\Users\Настя\PycharmProjects\DjangoProject\venv\Lib\site-packages\django\db\models\manager.py", line 87, in manager_method
    return getattr(self.get_queryset(), name)(*args, **kwargs)
           ^^^^^^^^^^^^^^^^^^^^^^^^^^^^^^^^^^^^^^^^^^^^^^^^^^^
  File "C:\Users\Настя\PycharmProjects\DjangoProject\venv\Lib\site-packages\django\db\models\query.py", line 1847, in _insert
    return query.get_compiler(using=using).execute_sql(returning_fields)
           ^^^^^^^^^^^^^^^^^^^^^^^^^^^^^^^^^^^^^^^^^^^^^^^^^^^^^^^^^^^^^
  File "C:\Users\Настя\PycharmProjects\DjangoProject\venv\Lib\site-packages\django\db\models\sql\compiler.py", line 1823, in execute_sql
    cursor.execute(sql, params)
  File "C:\Users\Настя\PycharmProjects\DjangoProject\venv\Lib\site-packages\django\db\backends\utils.py", line 122, in execute
    return super().execute(sql, params)
           ^^^^^^^^^^^^^^^^^^^^^^^^^^^^
  File "C:\Users\Настя\PycharmProjects\DjangoProject\venv\Lib\site-packages\django\db\backends\utils.py", line 79, in execute
    return self._execute_with_wrappers(
           ^^^^^^^^^^^^^^^^^^^^^^^^^^^^
  File "C:\Users\Настя\PycharmProjects\DjangoProject\venv\Lib\site-packages\django\db\backends\utils.py", line 92, in _execute_with_wrappers
    return executor(sql, params, many, context)
           ^^^^^^^^^^^^^^^^^^^^^^^^^^^^^^^^^^^^
  File "C:\Users\Настя\PycharmProjects\DjangoProject\venv\Lib\site-packages\django\db\backends\utils.py", line 100, in _execute
    with self.db.wrap_database_errors:
  File "C:\Users\Настя\PycharmProjects\DjangoProject\venv\Lib\site-packages\django\db\utils.py", line 91, in __exit__
    raise dj_exc_value.with_traceback(traceback) from exc_value
  File "C:\Users\Настя\PycharmProjects\DjangoProject\venv\Lib\site-packages\django\db\backends\utils.py", line 105, in _execute
    return self.cursor.execute(sql, params)
           ^^^^^^^^^^^^^^^^^^^^^^^^^^^^^^^^
  File "C:\Users\Настя\PycharmProjects\DjangoProject\venv\Lib\site-packages\django\db\backends\sqlite3\base.py", line 329, in execute
    return super().execute(query, params)
           ^^^^^^^^^^^^^^^^^^^^^^^^^^^^^^
django.db.utils.OperationalError: no such table: gameapp_coin
"GET /game/coin/ HTTP/1.1" 500 144575
Watching for file changes with StatReloader
Not Found: /
"GET / HTTP/1.1" 404 2272
Not Found: /index
"GET /index HTTP/1.1" 404 2305
"GET /blog HTTP/1.1" 301 0
"GET /blog/ HTTP/1.1" 200 14
C:\Users\Настя\PycharmProjects\DjangoProject\myproject\blogapp\views.py changed, reloading.
Watching for file changes with StatReloader
C:\Users\Настя\PycharmProjects\DjangoProject\myproject\blogapp\views.py changed, reloading.
Watching for file changes with StatReloader
C:\Users\Настя\PycharmProjects\DjangoProject\myproject\blogapp\urls.py changed, reloading.
Watching for file changes with StatReloader
C:\Users\Настя\PycharmProjects\DjangoProject\myproject\blogapp\urls.py changed, reloading.
Watching for file changes with StatReloader
C:\Users\Настя\PycharmProjects\DjangoProject\myproject\blogapp\urls.py changed, reloading.
Watching for file changes with StatReloader
Not Found: /
"GET / HTTP/1.1" 404 2272
"GET /blog/author HTTP/1.1" 200 6
C:\Users\Настя\PycharmProjects\DjangoProject\myproject\blogapp\views.py changed, reloading.
Watching for file changes with StatReloader
Not Found: /blog/authors
"GET /blog/authors HTTP/1.1" 404 2566
C:\Users\Настя\PycharmProjects\DjangoProject\myproject\blogapp\urls.py changed, reloading.
Watching for file changes with StatReloader
"GET /blog/authors HTTP/1.1" 200 7
C:\Users\Настя\PycharmProjects\DjangoProject\myproject\blogapp\views.py changed, reloading.
Watching for file changes with StatReloader
C:\Users\Настя\PycharmProjects\DjangoProject\myproject\blogapp\views.py changed, reloading.
Watching for file changes with StatReloader
C:\Users\Настя\PycharmProjects\DjangoProject\myproject\blogapp\views.py changed, reloading.
Watching for file changes with StatReloader
C:\Users\Настя\PycharmProjects\DjangoProject\myproject\blogapp\views.py changed, reloading.
Watching for file changes with StatReloader
C:\Users\Настя\PycharmProjects\DjangoProject\myproject\blogapp\views.py changed, reloading.
Watching for file changes with StatReloader
C:\Users\Настя\PycharmProjects\DjangoProject\myproject\blogapp\views.py changed, reloading.
Watching for file changes with StatReloader
C:\Users\Настя\PycharmProjects\DjangoProject\myproject\blogapp\views.py changed, reloading.
Watching for file changes with StatReloader
"GET /blog/authors HTTP/1.1" 200 7
Not Found: /
"GET / HTTP/1.1" 404 2272
Not Found: /blog/author
"GET /blog/author HTTP/1.1" 404 2564
"GET /blog/authors HTTP/1.1" 200 7
Watching for file changes with StatReloader
Not Found: /
"GET / HTTP/1.1" 404 2377
Not Found: /favicon.ico
"GET /favicon.ico HTTP/1.1" 404 2428
Not Found: /shpo
"GET /shpo HTTP/1.1" 404 2407
"GET /shop HTTP/1.1" 301 0
"GET /shop/ HTTP/1.1" 200 14
Watching for file changes with StatReloader
Not Found: /
"GET / HTTP/1.1" 404 2377
"GET /shop/ HTTP/1.1" 200 14
C:\Users\Настя\PycharmProjects\DjangoProject\myproject\shopapp\models.py changed, reloading.
Watching for file changes with StatReloader
Watching for file changes with StatReloader
Not Found: /
"GET / HTTP/1.1" 404 2377
Not Found: /favicon.ico
"GET /favicon.ico HTTP/1.1" 404 2428
Not Found: /
"GET / HTTP/1.1" 404 2377
"GET /game HTTP/1.1" 301 0
"GET /game/ HTTP/1.1" 200 14
Not Found: /game/index
"GET /game/index HTTP/1.1" 404 3342
Not Found: /index
"GET /index HTTP/1.1" 404 2410
Not Found: /base
"GET /base HTTP/1.1" 404 2407
"GET /game/base HTTP/1.1" 301 0
"GET /game/base/ HTTP/1.1" 200 684
C:\Users\Настя\PycharmProjects\DjangoProject\myproject\gameapp\views.py changed, reloading.
Watching for file changes with StatReloader
C:\Users\Настя\PycharmProjects\DjangoProject\myproject\gameapp\views.py changed, reloading.
Watching for file changes with StatReloader
"GET /game/about/ HTTP/1.1" 200 779
C:\Users\Настя\PycharmProjects\DjangoProject\myproject\myproject\urls.py changed, reloading.
Watching for file changes with StatReloader
C:\Users\Настя\PycharmProjects\DjangoProject\myproject\myproject\urls.py changed, reloading.
Watching for file changes with StatReloader
C:\Users\Настя\PycharmProjects\DjangoProject\myproject\myproject\urls.py changed, reloading.
Watching for file changes with StatReloader
C:\Users\Настя\PycharmProjects\DjangoProject\myproject\myproject\urls.py changed, reloading.
Watching for file changes with StatReloader
C:\Users\Настя\PycharmProjects\DjangoProject\myproject\myproject\urls.py changed, reloading.
Watching for file changes with StatReloader
C:\Users\Настя\PycharmProjects\DjangoProject\myproject\myproject\urls.py changed, reloading.
Watching for file changes with StatReloader
"GET /game/about/ HTTP/1.1" 200 779
"GET /game/base/ HTTP/1.1" 200 684
Watching for file changes with StatReloader
Watching for file changes with StatReloader
"GET / HTTP/1.1" 200 669
Watching for file changes with StatReloader
"GET / HTTP/1.1" 200 669
Not Found: /favicon.ico
"GET /favicon.ico HTTP/1.1" 404 2633
Not Found: /index
"GET /index HTTP/1.1" 404 2615
Not Found: /game/index
"GET /game/index HTTP/1.1" 404 3547
Not Found: /base
"GET /base HTTP/1.1" 404 2612
"GET / HTTP/1.1" 200 669
"GET /about HTTP/1.1" 200 779
C:\Users\Настя\PycharmProjects\DjangoProject\myproject\myproject\urls.py changed, reloading.
Watching for file changes with StatReloader
C:\Users\Настя\PycharmProjects\DjangoProject\myproject\myproject\urls.py changed, reloading.
Watching for file changes with StatReloader
"GET / HTTP/1.1" 200 669
C:\Users\Настя\PycharmProjects\DjangoProject\myproject\gameapp\views.py changed, reloading.
Watching for file changes with StatReloader
C:\Users\Настя\PycharmProjects\DjangoProject\myproject\gameapp\views.py changed, reloading.
Watching for file changes with StatReloader
C:\Users\Настя\PycharmProjects\DjangoProject\myproject\myproject\urls.py changed, reloading.
Watching for file changes with StatReloader
C:\Users\Настя\PycharmProjects\DjangoProject\myproject\gameapp\views.py changed, reloading.
Watching for file changes with StatReloader
C:\Users\Настя\PycharmProjects\DjangoProject\myproject\myproject\urls.py changed, reloading.
Watching for file changes with StatReloader
C:\Users\Настя\PycharmProjects\DjangoProject\myproject\myproject\urls.py changed, reloading.
Watching for file changes with StatReloader
C:\Users\Настя\PycharmProjects\DjangoProject\myproject\gameapp\views.py changed, reloading.
Watching for file changes with StatReloader
Watching for file changes with StatReloader
C:\Users\Настя\PycharmProjects\DjangoProject\myproject\gameapp\urls.py changed, reloading.
Watching for file changes with StatReloader
C:\Users\Настя\PycharmProjects\DjangoProject\myproject\gameapp\urls.py changed, reloading.
Watching for file changes with StatReloader
C:\Users\Настя\PycharmProjects\DjangoProject\myproject\gameapp\urls.py changed, reloading.
Watching for file changes with StatReloader
"GET / HTTP/1.1" 200 716
"GET /index HTTP/1.1" 200 851
Not Found: /indextwo
"GET /indextwo HTTP/1.1" 404 2624
Not Found: /indextwo
"GET /indextwo HTTP/1.1" 404 2624
C:\Users\Настя\PycharmProjects\DjangoProject\myproject\myproject\urls.py changed, reloading.
Watching for file changes with StatReloader
C:\Users\Настя\PycharmProjects\DjangoProject\myproject\myproject\urls.py changed, reloading.
Watching for file changes with StatReloader
C:\Users\Настя\PycharmProjects\DjangoProject\myproject\myproject\urls.py changed, reloading.
Watching for file changes with StatReloader
C:\Users\Настя\PycharmProjects\DjangoProject\myproject\gameapp\views.py changed, reloading.
Watching for file changes with StatReloader
C:\Users\Настя\PycharmProjects\DjangoProject\myproject\gameapp\views.py changed, reloading.
Watching for file changes with StatReloader
Not Found: /indextwo
"GET /indextwo HTTP/1.1" 404 2624
"GET /index HTTP/1.1" 200 851
"GET / HTTP/1.1" 200 735
C:\Users\Настя\PycharmProjects\DjangoProject\myproject\shopapp\views.py changed, reloading.
Watching for file changes with StatReloader
C:\Users\Настя\PycharmProjects\DjangoProject\myproject\shopapp\models.py changed, reloading.
Watching for file changes with StatReloader
