Watching for file changes with StatReloader
Not Found: /
"GET / HTTP/1.1" 404 2167
"GET /game/kub/ HTTP/1.1" 200 1
"GET /game/kub/ HTTP/1.1" 200 1
"GET /game/kub/ HTTP/1.1" 200 1
"GET /game/kub/ HTTP/1.1" 200 1
"GET /game/kub/ HTTP/1.1" 200 1
Watching for file changes with StatReloader
Not Found: /
"GET / HTTP/1.1" 404 2167
Not Found: /favicon.ico
"GET /favicon.ico HTTP/1.1" 404 2218
"GET /game/kub/ HTTP/1.1" 200 1
C:\Users\Настя\PycharmProjects\DjangoProject\myproject\gameapp\views.py changed, reloading.
Watching for file changes with StatReloader
Watching for file changes with StatReloader
C:\Users\Настя\PycharmProjects\DjangoProject\myproject\gameapp\urls.py changed, reloading.
Watching for file changes with StatReloader
Not Found: /
"GET / HTTP/1.1" 404 2167
Not Found: /games/base
"GET /games/base HTTP/1.1" 404 2215
"GET /game/base HTTP/1.1" 301 0
Internal Server Error: /game/base/
Traceback (most recent call last):
  File "C:\Users\Настя\PycharmProjects\DjangoProject\venv\Lib\site-packages\django\core\handlers\exception.py", line 55, in inner
    response = get_response(request)
               ^^^^^^^^^^^^^^^^^^^^^
  File "C:\Users\Настя\PycharmProjects\DjangoProject\venv\Lib\site-packages\django\core\handlers\base.py", line 197, in _get_response
    response = wrapped_callback(request, *callback_args, **callback_kwargs)
               ^^^^^^^^^^^^^^^^^^^^^^^^^^^^^^^^^^^^^^^^^^^^^^^^^^^^^^^^^^^^
  File "C:\Users\Настя\PycharmProjects\DjangoProject\myproject\gameapp\views.py", line 51, in base
    logger.info(f'посещение страницы index в: {datetime.now()}')
                                               ^^^^^^^^^^^^
AttributeError: module 'datetime' has no attribute 'now'
"GET /game/base/ HTTP/1.1" 500 65837
C:\Users\Настя\PycharmProjects\DjangoProject\myproject\gameapp\views.py changed, reloading.
Watching for file changes with StatReloader
"GET /game/base/ HTTP/1.1" 200 856
"GET /game/about/ HTTP/1.1" 200 992
Watching for file changes with StatReloader
C:\Users\Настя\PycharmProjects\DjangoProject\myproject\gameapp\views.py changed, reloading.
Watching for file changes with StatReloader
Not Found: /
"GET / HTTP/1.1" 404 2167
Not Found: /favicon.ico
"GET /favicon.ico HTTP/1.1" 404 2218
"GET /game/coin HTTP/1.1" 301 0
Internal Server Error: /game/coin/
Traceback (most recent call last):
  File "C:\Users\Настя\PycharmProjects\DjangoProject\venv\Lib\site-packages\django\core\handlers\exception.py", line 55, in inner
    response = get_response(request)
               ^^^^^^^^^^^^^^^^^^^^^
  File "C:\Users\Настя\PycharmProjects\DjangoProject\venv\Lib\site-packages\django\core\handlers\base.py", line 197, in _get_response
    response = wrapped_callback(request, *callback_args, **callback_kwargs)
               ^^^^^^^^^^^^^^^^^^^^^^^^^^^^^^^^^^^^^^^^^^^^^^^^^^^^^^^^^^^^
  File "C:\Users\Настя\PycharmProjects\DjangoProject\myproject\gameapp\views.py", line 18, in coin
    arg = Coin(site=site)
          ^^^^^^^^^^^^^^^
  File "C:\Users\Настя\PycharmProjects\DjangoProject\venv\Lib\site-packages\django\db\models\base.py", line 567, in __init__
    raise TypeError(
TypeError: Coin() got unexpected keyword arguments: 'site'
"GET /game/coin/ HTTP/1.1" 500 70788
C:\Users\Настя\PycharmProjects\DjangoProject\myproject\gameapp\views.py changed, reloading.
Watching for file changes with StatReloader
"GET /game/coin/ HTTP/1.1" 200 10
"GET /game/coin/ HTTP/1.1" 200 8
"GET /game/coin/ HTTP/1.1" 200 8
"GET /game/coin/ HTTP/1.1" 200 10
"GET /game/coin/ HTTP/1.1" 200 10
C:\Users\Настя\PycharmProjects\DjangoProject\myproject\gameapp\views.py changed, reloading.
Watching for file changes with StatReloader
C:\Users\Настя\PycharmProjects\DjangoProject\myproject\gameapp\models.py changed, reloading.
Watching for file changes with StatReloader
C:\Users\Настя\PycharmProjects\DjangoProject\myproject\gameapp\models.py changed, reloading.
Watching for file changes with StatReloader
C:\Users\Настя\PycharmProjects\DjangoProject\myproject\gameapp\models.py changed, reloading.
Watching for file changes with StatReloader
Watching for file changes with StatReloader
C:\Users\Настя\PycharmProjects\DjangoProject\myproject\gameapp\views.py changed, reloading.
Watching for file changes with StatReloader
C:\Users\Настя\PycharmProjects\DjangoProject\myproject\gameapp\models.py changed, reloading.
Watching for file changes with StatReloader
C:\Users\Настя\PycharmProjects\DjangoProject\myproject\gameapp\models.py changed, reloading.
Watching for file changes with StatReloader
C:\Users\Настя\PycharmProjects\DjangoProject\myproject\gameapp\models.py changed, reloading.
Watching for file changes with StatReloader
C:\Users\Настя\PycharmProjects\DjangoProject\myproject\gameapp\views.py changed, reloading.
Watching for file changes with StatReloader
C:\Users\Настя\PycharmProjects\DjangoProject\myproject\gameapp\views.py changed, reloading.
Watching for file changes with StatReloader
C:\Users\Настя\PycharmProjects\DjangoProject\myproject\gameapp\views.py changed, reloading.
Watching for file changes with StatReloader
Watching for file changes with StatReloader
C:\Users\Настя\PycharmProjects\DjangoProject\myproject\gameapp\views.py changed, reloading.
Watching for file changes with StatReloader
Watching for file changes with StatReloader
C:\Users\Настя\PycharmProjects\DjangoProject\myproject\blogapp\models.py changed, reloading.
Watching for file changes with StatReloader
C:\Users\Настя\PycharmProjects\DjangoProject\myproject\blogapp\models.py changed, reloading.
Watching for file changes with StatReloader
C:\Users\Настя\PycharmProjects\DjangoProject\myproject\blogapp\models.py changed, reloading.
Watching for file changes with StatReloader
Watching for file changes with StatReloader
Watching for file changes with StatReloader
C:\Users\Настя\PycharmProjects\DjangoProject\myproject\gameapp\models.py changed, reloading.
Watching for file changes with StatReloader
Watching for file changes with StatReloader
C:\Users\Настя\PycharmProjects\DjangoProject\myproject\gameapp\views.py changed, reloading.
Watching for file changes with StatReloader
C:\Users\Настя\PycharmProjects\DjangoProject\myproject\gameapp\urls.py changed, reloading.
Watching for file changes with StatReloader
C:\Users\Настя\PycharmProjects\DjangoProject\myproject\gameapp\urls.py changed, reloading.
Watching for file changes with StatReloader
Not Found: /
"GET / HTTP/1.1" 404 2272
Not Found: /favicon.ico
"GET /favicon.ico HTTP/1.1" 404 2323
Internal Server Error: /game/coin/
Traceback (most recent call last):
  File "C:\Users\Настя\PycharmProjects\DjangoProject\venv\Lib\site-packages\django\db\backends\utils.py", line 105, in _execute
    return self.cursor.execute(sql, params)
           ^^^^^^^^^^^^^^^^^^^^^^^^^^^^^^^^
  File "C:\Users\Настя\PycharmProjects\DjangoProject\venv\Lib\site-packages\django\db\backends\sqlite3\base.py", line 329, in execute
    return super().execute(query, params)
           ^^^^^^^^^^^^^^^^^^^^^^^^^^^^^^
sqlite3.OperationalError: no such table: gameapp_coin

The above exception was the direct cause of the following exception:

Traceback (most recent call last):
  File "C:\Users\Настя\PycharmProjects\DjangoProject\venv\Lib\site-packages\django\core\handlers\exception.py", line 55, in inner
    response = get_response(request)
               ^^^^^^^^^^^^^^^^^^^^^
  File "C:\Users\Настя\PycharmProjects\DjangoProject\venv\Lib\site-packages\django\core\handlers\base.py", line 197, in _get_response
    response = wrapped_callback(request, *callback_args, **callback_kwargs)
               ^^^^^^^^^^^^^^^^^^^^^^^^^^^^^^^^^^^^^^^^^^^^^^^^^^^^^^^^^^^^
  File "C:\Users\Настя\PycharmProjects\DjangoProject\myproject\gameapp\views.py", line 16, in coin
    arg.save()
  File "C:\Users\Настя\PycharmProjects\DjangoProject\venv\Lib\site-packages\django\db\models\base.py", line 822, in save
    self.save_base(
  File "C:\Users\Настя\PycharmProjects\DjangoProject\venv\Lib\site-packages\django\db\models\base.py", line 909, in save_base
    updated = self._save_table(
              ^^^^^^^^^^^^^^^^^
  File "C:\Users\Настя\PycharmProjects\DjangoProject\venv\Lib\site-packages\django\db\models\base.py", line 1067, in _save_table
    results = self._do_insert(
              ^^^^^^^^^^^^^^^^
  File "C:\Users\Настя\PycharmProjects\DjangoProject\venv\Lib\site-packages\django\db\models\base.py", line 1108, in _do_insert
    return manager._insert(
           ^^^^^^^^^^^^^^^^
  File "C:\Users\Настя\PycharmProjects\DjangoProject\venv\Lib\site-packages\django\db\models\manager.py", line 87, in manager_method
    return getattr(self.get_queryset(), name)(*args, **kwargs)
           ^^^^^^^^^^^^^^^^^^^^^^^^^^^^^^^^^^^^^^^^^^^^^^^^^^^
  File "C:\Users\Настя\PycharmProjects\DjangoProject\venv\Lib\site-packages\django\db\models\query.py", line 1847, in _insert
    return query.get_compiler(using=using).execute_sql(returning_fields)
           ^^^^^^^^^^^^^^^^^^^^^^^^^^^^^^^^^^^^^^^^^^^^^^^^^^^^^^^^^^^^^
  File "C:\Users\Настя\PycharmProjects\DjangoProject\venv\Lib\site-packages\django\db\models\sql\compiler.py", line 1823, in execute_sql
    cursor.execute(sql, params)
  File "C:\Users\Настя\PycharmProjects\DjangoProject\venv\Lib\site-packages\django\db\backends\utils.py", line 122, in execute
    return super().execute(sql, params)
           ^^^^^^^^^^^^^^^^^^^^^^^^^^^^
  File "C:\Users\Настя\PycharmProjects\DjangoProject\venv\Lib\site-packages\django\db\backends\utils.py", line 79, in execute
    return self._execute_with_wrappers(
           ^^^^^^^^^^^^^^^^^^^^^^^^^^^^
  File "C:\Users\Настя\PycharmProjects\DjangoProject\venv\Lib\site-packages\django\db\backends\utils.py", line 92, in _execute_with_wrappers
    return executor(sql, params, many, context)
           ^^^^^^^^^^^^^^^^^^^^^^^^^^^^^^^^^^^^
  File "C:\Users\Настя\PycharmProjects\DjangoProject\venv\Lib\site-packages\django\db\backends\utils.py", line 100, in _execute
    with self.db.wrap_database_errors:
  File "C:\Users\Настя\PycharmProjects\DjangoProject\venv\Lib\site-packages\django\db\utils.py", line 91, in __exit__
    raise dj_exc_value.with_traceback(traceback) from exc_value
  File "C:\Users\Настя\PycharmProjects\DjangoProject\venv\Lib\site-packages\django\db\backends\utils.py", line 105, in _execute
    return self.cursor.execute(sql, params)
           ^^^^^^^^^^^^^^^^^^^^^^^^^^^^^^^^
  File "C:\Users\Настя\PycharmProjects\DjangoProject\venv\Lib\site-packages\django\db\backends\sqlite3\base.py", line 329, in execute
    return super().execute(query, params)
           ^^^^^^^^^^^^^^^^^^^^^^^^^^^^^^
django.db.utils.OperationalError: no such table: gameapp_coin
"GET /game/coin/ HTTP/1.1" 500 144575
Watching for file changes with StatReloader
Not Found: /
"GET / HTTP/1.1" 404 2272
Not Found: /index
"GET /index HTTP/1.1" 404 2305
"GET /blog HTTP/1.1" 301 0
"GET /blog/ HTTP/1.1" 200 14
C:\Users\Настя\PycharmProjects\DjangoProject\myproject\blogapp\views.py changed, reloading.
Watching for file changes with StatReloader
C:\Users\Настя\PycharmProjects\DjangoProject\myproject\blogapp\views.py changed, reloading.
Watching for file changes with StatReloader
C:\Users\Настя\PycharmProjects\DjangoProject\myproject\blogapp\urls.py changed, reloading.
Watching for file changes with StatReloader
C:\Users\Настя\PycharmProjects\DjangoProject\myproject\blogapp\urls.py changed, reloading.
Watching for file changes with StatReloader
C:\Users\Настя\PycharmProjects\DjangoProject\myproject\blogapp\urls.py changed, reloading.
Watching for file changes with StatReloader
Not Found: /
"GET / HTTP/1.1" 404 2272
"GET /blog/author HTTP/1.1" 200 6
C:\Users\Настя\PycharmProjects\DjangoProject\myproject\blogapp\views.py changed, reloading.
Watching for file changes with StatReloader
Not Found: /blog/authors
"GET /blog/authors HTTP/1.1" 404 2566
C:\Users\Настя\PycharmProjects\DjangoProject\myproject\blogapp\urls.py changed, reloading.
Watching for file changes with StatReloader
"GET /blog/authors HTTP/1.1" 200 7
C:\Users\Настя\PycharmProjects\DjangoProject\myproject\blogapp\views.py changed, reloading.
Watching for file changes with StatReloader
C:\Users\Настя\PycharmProjects\DjangoProject\myproject\blogapp\views.py changed, reloading.
Watching for file changes with StatReloader
C:\Users\Настя\PycharmProjects\DjangoProject\myproject\blogapp\views.py changed, reloading.
Watching for file changes with StatReloader
C:\Users\Настя\PycharmProjects\DjangoProject\myproject\blogapp\views.py changed, reloading.
Watching for file changes with StatReloader
C:\Users\Настя\PycharmProjects\DjangoProject\myproject\blogapp\views.py changed, reloading.
Watching for file changes with StatReloader
C:\Users\Настя\PycharmProjects\DjangoProject\myproject\blogapp\views.py changed, reloading.
Watching for file changes with StatReloader
C:\Users\Настя\PycharmProjects\DjangoProject\myproject\blogapp\views.py changed, reloading.
Watching for file changes with StatReloader
"GET /blog/authors HTTP/1.1" 200 7
Not Found: /
"GET / HTTP/1.1" 404 2272
Not Found: /blog/author
"GET /blog/author HTTP/1.1" 404 2564
"GET /blog/authors HTTP/1.1" 200 7
Watching for file changes with StatReloader
Not Found: /
"GET / HTTP/1.1" 404 2377
Not Found: /favicon.ico
"GET /favicon.ico HTTP/1.1" 404 2428
Not Found: /shpo
"GET /shpo HTTP/1.1" 404 2407
"GET /shop HTTP/1.1" 301 0
"GET /shop/ HTTP/1.1" 200 14
Watching for file changes with StatReloader
Not Found: /
"GET / HTTP/1.1" 404 2377
"GET /shop/ HTTP/1.1" 200 14
C:\Users\Настя\PycharmProjects\DjangoProject\myproject\shopapp\models.py changed, reloading.
Watching for file changes with StatReloader
Watching for file changes with StatReloader
Not Found: /
"GET / HTTP/1.1" 404 2377
Not Found: /favicon.ico
"GET /favicon.ico HTTP/1.1" 404 2428
Not Found: /
"GET / HTTP/1.1" 404 2377
"GET /game HTTP/1.1" 301 0
"GET /game/ HTTP/1.1" 200 14
Not Found: /game/index
"GET /game/index HTTP/1.1" 404 3342
Not Found: /index
"GET /index HTTP/1.1" 404 2410
Not Found: /base
"GET /base HTTP/1.1" 404 2407
"GET /game/base HTTP/1.1" 301 0
"GET /game/base/ HTTP/1.1" 200 684
C:\Users\Настя\PycharmProjects\DjangoProject\myproject\gameapp\views.py changed, reloading.
Watching for file changes with StatReloader
C:\Users\Настя\PycharmProjects\DjangoProject\myproject\gameapp\views.py changed, reloading.
Watching for file changes with StatReloader
"GET /game/about/ HTTP/1.1" 200 779
C:\Users\Настя\PycharmProjects\DjangoProject\myproject\myproject\urls.py changed, reloading.
Watching for file changes with StatReloader
C:\Users\Настя\PycharmProjects\DjangoProject\myproject\myproject\urls.py changed, reloading.
Watching for file changes with StatReloader
C:\Users\Настя\PycharmProjects\DjangoProject\myproject\myproject\urls.py changed, reloading.
Watching for file changes with StatReloader
C:\Users\Настя\PycharmProjects\DjangoProject\myproject\myproject\urls.py changed, reloading.
Watching for file changes with StatReloader
C:\Users\Настя\PycharmProjects\DjangoProject\myproject\myproject\urls.py changed, reloading.
Watching for file changes with StatReloader
C:\Users\Настя\PycharmProjects\DjangoProject\myproject\myproject\urls.py changed, reloading.
Watching for file changes with StatReloader
"GET /game/about/ HTTP/1.1" 200 779
"GET /game/base/ HTTP/1.1" 200 684
Watching for file changes with StatReloader
Watching for file changes with StatReloader
"GET / HTTP/1.1" 200 669
Watching for file changes with StatReloader
"GET / HTTP/1.1" 200 669
Not Found: /favicon.ico
"GET /favicon.ico HTTP/1.1" 404 2633
Not Found: /index
"GET /index HTTP/1.1" 404 2615
Not Found: /game/index
"GET /game/index HTTP/1.1" 404 3547
Not Found: /base
"GET /base HTTP/1.1" 404 2612
"GET / HTTP/1.1" 200 669
"GET /about HTTP/1.1" 200 779
C:\Users\Настя\PycharmProjects\DjangoProject\myproject\myproject\urls.py changed, reloading.
Watching for file changes with StatReloader
C:\Users\Настя\PycharmProjects\DjangoProject\myproject\myproject\urls.py changed, reloading.
Watching for file changes with StatReloader
"GET / HTTP/1.1" 200 669
C:\Users\Настя\PycharmProjects\DjangoProject\myproject\gameapp\views.py changed, reloading.
Watching for file changes with StatReloader
C:\Users\Настя\PycharmProjects\DjangoProject\myproject\gameapp\views.py changed, reloading.
Watching for file changes with StatReloader
C:\Users\Настя\PycharmProjects\DjangoProject\myproject\myproject\urls.py changed, reloading.
Watching for file changes with StatReloader
C:\Users\Настя\PycharmProjects\DjangoProject\myproject\gameapp\views.py changed, reloading.
Watching for file changes with StatReloader
C:\Users\Настя\PycharmProjects\DjangoProject\myproject\myproject\urls.py changed, reloading.
Watching for file changes with StatReloader
C:\Users\Настя\PycharmProjects\DjangoProject\myproject\myproject\urls.py changed, reloading.
Watching for file changes with StatReloader
C:\Users\Настя\PycharmProjects\DjangoProject\myproject\gameapp\views.py changed, reloading.
Watching for file changes with StatReloader
Watching for file changes with StatReloader
C:\Users\Настя\PycharmProjects\DjangoProject\myproject\gameapp\urls.py changed, reloading.
Watching for file changes with StatReloader
C:\Users\Настя\PycharmProjects\DjangoProject\myproject\gameapp\urls.py changed, reloading.
Watching for file changes with StatReloader
C:\Users\Настя\PycharmProjects\DjangoProject\myproject\gameapp\urls.py changed, reloading.
Watching for file changes with StatReloader
"GET / HTTP/1.1" 200 716
"GET /index HTTP/1.1" 200 851
Not Found: /indextwo
"GET /indextwo HTTP/1.1" 404 2624
Not Found: /indextwo
"GET /indextwo HTTP/1.1" 404 2624
C:\Users\Настя\PycharmProjects\DjangoProject\myproject\myproject\urls.py changed, reloading.
Watching for file changes with StatReloader
C:\Users\Настя\PycharmProjects\DjangoProject\myproject\myproject\urls.py changed, reloading.
Watching for file changes with StatReloader
C:\Users\Настя\PycharmProjects\DjangoProject\myproject\myproject\urls.py changed, reloading.
Watching for file changes with StatReloader
C:\Users\Настя\PycharmProjects\DjangoProject\myproject\gameapp\views.py changed, reloading.
Watching for file changes with StatReloader
C:\Users\Настя\PycharmProjects\DjangoProject\myproject\gameapp\views.py changed, reloading.
Watching for file changes with StatReloader
Not Found: /indextwo
"GET /indextwo HTTP/1.1" 404 2624
"GET /index HTTP/1.1" 200 851
"GET / HTTP/1.1" 200 735
C:\Users\Настя\PycharmProjects\DjangoProject\myproject\shopapp\views.py changed, reloading.
Watching for file changes with StatReloader
C:\Users\Настя\PycharmProjects\DjangoProject\myproject\shopapp\models.py changed, reloading.
Watching for file changes with StatReloader
Watching for file changes with StatReloader
C:\Users\Настя\PycharmProjects\DjangoProject\myproject\shopapp\views.py changed, reloading.
Watching for file changes with StatReloader
"GET / HTTP/1.1" 200 222
Not Found: /favicon.ico
"GET /favicon.ico HTTP/1.1" 404 2633
"GET /game/coin/ HTTP/1.1" 200 8
"GET /game/coin/ HTTP/1.1" 200 10
"GET /game/coin/ HTTP/1.1" 200 8
"GET /game/coin/ HTTP/1.1" 200 8
"GET /game/coin/ HTTP/1.1" 200 8
"GET /game/coin/ HTTP/1.1" 200 10
"GET /game/coin/ HTTP/1.1" 200 8
C:\Users\Настя\PycharmProjects\DjangoProject\myproject\gameapp\views.py changed, reloading.
Watching for file changes with StatReloader
C:\Users\Настя\PycharmProjects\DjangoProject\myproject\gameapp\views.py changed, reloading.
Watching for file changes with StatReloader
C:\Users\Настя\PycharmProjects\DjangoProject\myproject\gameapp\views.py changed, reloading.
Watching for file changes with StatReloader
C:\Users\Настя\PycharmProjects\DjangoProject\myproject\gameapp\views.py changed, reloading.
Watching for file changes with StatReloader
C:\Users\Настя\PycharmProjects\DjangoProject\myproject\gameapp\views.py changed, reloading.
Watching for file changes with StatReloader
C:\Users\Настя\PycharmProjects\DjangoProject\myproject\gameapp\views.py changed, reloading.
Watching for file changes with StatReloader
C:\Users\Настя\PycharmProjects\DjangoProject\myproject\gameapp\views.py changed, reloading.
Watching for file changes with StatReloader
C:\Users\Настя\PycharmProjects\DjangoProject\myproject\gameapp\views.py changed, reloading.
Watching for file changes with StatReloader
C:\Users\Настя\PycharmProjects\DjangoProject\myproject\gameapp\views.py changed, reloading.
Watching for file changes with StatReloader
"GET /game/gamechoice HTTP/1.1" 301 0
"GET /game/gamechoice/ HTTP/1.1" 200 759
Internal Server Error: /game/gamechoice/
Traceback (most recent call last):
  File "C:\Users\Настя\PycharmProjects\DjangoProject\venv\Lib\site-packages\django\core\handlers\exception.py", line 55, in inner
    response = get_response(request)
               ^^^^^^^^^^^^^^^^^^^^^
  File "C:\Users\Настя\PycharmProjects\DjangoProject\venv\Lib\site-packages\django\core\handlers\base.py", line 204, in _get_response
    self.check_response(response, callback)
  File "C:\Users\Настя\PycharmProjects\DjangoProject\venv\Lib\site-packages\django\core\handlers\base.py", line 332, in check_response
    raise ValueError(
ValueError: The view gameapp.views.game_choice didn't return an HttpResponse object. It returned None instead.
"POST /game/gamechoice/ HTTP/1.1" 500 67015
"GET /game/gamechoice/ HTTP/1.1" 200 759
Internal Server Error: /game/gamechoice/
Traceback (most recent call last):
  File "C:\Users\Настя\PycharmProjects\DjangoProject\venv\Lib\site-packages\django\core\handlers\exception.py", line 55, in inner
    response = get_response(request)
               ^^^^^^^^^^^^^^^^^^^^^
  File "C:\Users\Настя\PycharmProjects\DjangoProject\venv\Lib\site-packages\django\core\handlers\base.py", line 204, in _get_response
    self.check_response(response, callback)
  File "C:\Users\Настя\PycharmProjects\DjangoProject\venv\Lib\site-packages\django\core\handlers\base.py", line 332, in check_response
    raise ValueError(
ValueError: The view gameapp.views.game_choice didn't return an HttpResponse object. It returned None instead.
"POST /game/gamechoice/ HTTP/1.1" 500 67015
C:\Users\Настя\PycharmProjects\DjangoProject\myproject\gameapp\views.py changed, reloading.
Watching for file changes with StatReloader
C:\Users\Настя\PycharmProjects\DjangoProject\myproject\gameapp\views.py changed, reloading.
Watching for file changes with StatReloader
"POST /game/gamechoice/ HTTP/1.1" 200 10
C:\Users\Настя\PycharmProjects\DjangoProject\myproject\gameapp\views.py changed, reloading.
Watching for file changes with StatReloader
C:\Users\Настя\PycharmProjects\DjangoProject\myproject\gameapp\views.py changed, reloading.
Watching for file changes with StatReloader
C:\Users\Настя\PycharmProjects\DjangoProject\myproject\gameapp\views.py changed, reloading.
Watching for file changes with StatReloader
Watching for file changes with StatReloader
C:\Users\Настя\PycharmProjects\DjangoProject\myproject\gameapp\views.py changed, reloading.
Watching for file changes with StatReloader
Internal Server Error: /game/coin/
Traceback (most recent call last):
  File "C:\Users\Настя\PycharmProjects\DjangoProject\venv\Lib\site-packages\django\template\base.py", line 502, in parse
    compile_func = self.tags[command]
                   ~~~~~~~~~^^^^^^^^^
KeyError: 'endform'

During handling of the above exception, another exception occurred:

Traceback (most recent call last):
  File "C:\Users\Настя\PycharmProjects\DjangoProject\venv\Lib\site-packages\django\core\handlers\exception.py", line 55, in inner
    response = get_response(request)
               ^^^^^^^^^^^^^^^^^^^^^
  File "C:\Users\Настя\PycharmProjects\DjangoProject\venv\Lib\site-packages\django\core\handlers\base.py", line 197, in _get_response
    response = wrapped_callback(request, *callback_args, **callback_kwargs)
               ^^^^^^^^^^^^^^^^^^^^^^^^^^^^^^^^^^^^^^^^^^^^^^^^^^^^^^^^^^^^
  File "C:\Users\Настя\PycharmProjects\DjangoProject\myproject\gameapp\views.py", line 18, in coin
    return render(request, 'gameapp/coin.html', {'lst': lst})
           ^^^^^^^^^^^^^^^^^^^^^^^^^^^^^^^^^^^^^^^^^^^^^^^^^^
  File "C:\Users\Настя\PycharmProjects\DjangoProject\venv\Lib\site-packages\django\shortcuts.py", line 25, in render
    content = loader.render_to_string(template_name, context, request, using=using)
              ^^^^^^^^^^^^^^^^^^^^^^^^^^^^^^^^^^^^^^^^^^^^^^^^^^^^^^^^^^^^^^^^^^^^^
  File "C:\Users\Настя\PycharmProjects\DjangoProject\venv\Lib\site-packages\django\template\loader.py", line 61, in render_to_string
    template = get_template(template_name, using=using)
               ^^^^^^^^^^^^^^^^^^^^^^^^^^^^^^^^^^^^^^^^
  File "C:\Users\Настя\PycharmProjects\DjangoProject\venv\Lib\site-packages\django\template\loader.py", line 15, in get_template
    return engine.get_template(template_name)
           ^^^^^^^^^^^^^^^^^^^^^^^^^^^^^^^^^^
  File "C:\Users\Настя\PycharmProjects\DjangoProject\venv\Lib\site-packages\django\template\backends\django.py", line 33, in get_template
    return Template(self.engine.get_template(template_name), self)
                    ^^^^^^^^^^^^^^^^^^^^^^^^^^^^^^^^^^^^^^^
  File "C:\Users\Настя\PycharmProjects\DjangoProject\venv\Lib\site-packages\django\template\engine.py", line 177, in get_template
    template, origin = self.find_template(template_name)
                       ^^^^^^^^^^^^^^^^^^^^^^^^^^^^^^^^^
  File "C:\Users\Настя\PycharmProjects\DjangoProject\venv\Lib\site-packages\django\template\engine.py", line 159, in find_template
    template = loader.get_template(name, skip=skip)
               ^^^^^^^^^^^^^^^^^^^^^^^^^^^^^^^^^^^^
  File "C:\Users\Настя\PycharmProjects\DjangoProject\venv\Lib\site-packages\django\template\loaders\cached.py", line 57, in get_template
    template = super().get_template(template_name, skip)
               ^^^^^^^^^^^^^^^^^^^^^^^^^^^^^^^^^^^^^^^^^
  File "C:\Users\Настя\PycharmProjects\DjangoProject\venv\Lib\site-packages\django\template\loaders\base.py", line 28, in get_template
    return Template(
           ^^^^^^^^^
  File "C:\Users\Настя\PycharmProjects\DjangoProject\venv\Lib\site-packages\django\template\base.py", line 154, in __init__
    self.nodelist = self.compile_nodelist()
                    ^^^^^^^^^^^^^^^^^^^^^^^
  File "C:\Users\Настя\PycharmProjects\DjangoProject\venv\Lib\site-packages\django\template\base.py", line 196, in compile_nodelist
    return parser.parse()
           ^^^^^^^^^^^^^^
  File "C:\Users\Настя\PycharmProjects\DjangoProject\venv\Lib\site-packages\django\template\base.py", line 510, in parse
    raise self.error(token, e)
  File "C:\Users\Настя\PycharmProjects\DjangoProject\venv\Lib\site-packages\django\template\base.py", line 508, in parse
    compiled_result = compile_func(self, token)
                      ^^^^^^^^^^^^^^^^^^^^^^^^^
  File "C:\Users\Настя\PycharmProjects\DjangoProject\venv\Lib\site-packages\django\template\defaulttags.py", line 861, in do_for
    nodelist_loop = parser.parse(
                    ^^^^^^^^^^^^^
  File "C:\Users\Настя\PycharmProjects\DjangoProject\venv\Lib\site-packages\django\template\base.py", line 504, in parse
    self.invalid_block_tag(token, command, parse_until)
  File "C:\Users\Настя\PycharmProjects\DjangoProject\venv\Lib\site-packages\django\template\base.py", line 555, in invalid_block_tag
    raise self.error(
django.template.exceptions.TemplateSyntaxError: Invalid block tag on line 11: 'endform', expected 'empty' or 'endfor'. Did you forget to register or load this tag?
"GET /game/coin/ HTTP/1.1" 500 147345
Internal Server Error: /game/coin/
Traceback (most recent call last):
  File "C:\Users\Настя\PycharmProjects\DjangoProject\venv\Lib\site-packages\django\template\base.py", line 502, in parse
    compile_func = self.tags[command]
                   ~~~~~~~~~^^^^^^^^^
KeyError: 'endform'

During handling of the above exception, another exception occurred:

Traceback (most recent call last):
  File "C:\Users\Настя\PycharmProjects\DjangoProject\venv\Lib\site-packages\django\core\handlers\exception.py", line 55, in inner
    response = get_response(request)
               ^^^^^^^^^^^^^^^^^^^^^
  File "C:\Users\Настя\PycharmProjects\DjangoProject\venv\Lib\site-packages\django\core\handlers\base.py", line 197, in _get_response
    response = wrapped_callback(request, *callback_args, **callback_kwargs)
               ^^^^^^^^^^^^^^^^^^^^^^^^^^^^^^^^^^^^^^^^^^^^^^^^^^^^^^^^^^^^
  File "C:\Users\Настя\PycharmProjects\DjangoProject\myproject\gameapp\views.py", line 18, in coin
    return render(request, 'gameapp/coin.html', {'lst': lst})
           ^^^^^^^^^^^^^^^^^^^^^^^^^^^^^^^^^^^^^^^^^^^^^^^^^^
  File "C:\Users\Настя\PycharmProjects\DjangoProject\venv\Lib\site-packages\django\shortcuts.py", line 25, in render
    content = loader.render_to_string(template_name, context, request, using=using)
              ^^^^^^^^^^^^^^^^^^^^^^^^^^^^^^^^^^^^^^^^^^^^^^^^^^^^^^^^^^^^^^^^^^^^^
  File "C:\Users\Настя\PycharmProjects\DjangoProject\venv\Lib\site-packages\django\template\loader.py", line 61, in render_to_string
    template = get_template(template_name, using=using)
               ^^^^^^^^^^^^^^^^^^^^^^^^^^^^^^^^^^^^^^^^
  File "C:\Users\Настя\PycharmProjects\DjangoProject\venv\Lib\site-packages\django\template\loader.py", line 15, in get_template
    return engine.get_template(template_name)
           ^^^^^^^^^^^^^^^^^^^^^^^^^^^^^^^^^^
  File "C:\Users\Настя\PycharmProjects\DjangoProject\venv\Lib\site-packages\django\template\backends\django.py", line 33, in get_template
    return Template(self.engine.get_template(template_name), self)
                    ^^^^^^^^^^^^^^^^^^^^^^^^^^^^^^^^^^^^^^^
  File "C:\Users\Настя\PycharmProjects\DjangoProject\venv\Lib\site-packages\django\template\engine.py", line 177, in get_template
    template, origin = self.find_template(template_name)
                       ^^^^^^^^^^^^^^^^^^^^^^^^^^^^^^^^^
  File "C:\Users\Настя\PycharmProjects\DjangoProject\venv\Lib\site-packages\django\template\engine.py", line 159, in find_template
    template = loader.get_template(name, skip=skip)
               ^^^^^^^^^^^^^^^^^^^^^^^^^^^^^^^^^^^^
  File "C:\Users\Настя\PycharmProjects\DjangoProject\venv\Lib\site-packages\django\template\loaders\cached.py", line 57, in get_template
    template = super().get_template(template_name, skip)
               ^^^^^^^^^^^^^^^^^^^^^^^^^^^^^^^^^^^^^^^^^
  File "C:\Users\Настя\PycharmProjects\DjangoProject\venv\Lib\site-packages\django\template\loaders\base.py", line 28, in get_template
    return Template(
           ^^^^^^^^^
  File "C:\Users\Настя\PycharmProjects\DjangoProject\venv\Lib\site-packages\django\template\base.py", line 154, in __init__
    self.nodelist = self.compile_nodelist()
                    ^^^^^^^^^^^^^^^^^^^^^^^
  File "C:\Users\Настя\PycharmProjects\DjangoProject\venv\Lib\site-packages\django\template\base.py", line 196, in compile_nodelist
    return parser.parse()
           ^^^^^^^^^^^^^^
  File "C:\Users\Настя\PycharmProjects\DjangoProject\venv\Lib\site-packages\django\template\base.py", line 510, in parse
    raise self.error(token, e)
  File "C:\Users\Настя\PycharmProjects\DjangoProject\venv\Lib\site-packages\django\template\base.py", line 508, in parse
    compiled_result = compile_func(self, token)
                      ^^^^^^^^^^^^^^^^^^^^^^^^^
  File "C:\Users\Настя\PycharmProjects\DjangoProject\venv\Lib\site-packages\django\template\defaulttags.py", line 861, in do_for
    nodelist_loop = parser.parse(
                    ^^^^^^^^^^^^^
  File "C:\Users\Настя\PycharmProjects\DjangoProject\venv\Lib\site-packages\django\template\base.py", line 504, in parse
    self.invalid_block_tag(token, command, parse_until)
  File "C:\Users\Настя\PycharmProjects\DjangoProject\venv\Lib\site-packages\django\template\base.py", line 555, in invalid_block_tag
    raise self.error(
django.template.exceptions.TemplateSyntaxError: Invalid block tag on line 12: 'endform', expected 'empty' or 'endfor'. Did you forget to register or load this tag?
"GET /game/coin/ HTTP/1.1" 500 147347
Internal Server Error: /game/coin/
Traceback (most recent call last):
  File "C:\Users\Настя\PycharmProjects\DjangoProject\venv\Lib\site-packages\django\template\base.py", line 502, in parse
    compile_func = self.tags[command]
                   ~~~~~~~~~^^^^^^^^^
KeyError: 'endform'

During handling of the above exception, another exception occurred:

Traceback (most recent call last):
  File "C:\Users\Настя\PycharmProjects\DjangoProject\venv\Lib\site-packages\django\core\handlers\exception.py", line 55, in inner
    response = get_response(request)
               ^^^^^^^^^^^^^^^^^^^^^
  File "C:\Users\Настя\PycharmProjects\DjangoProject\venv\Lib\site-packages\django\core\handlers\base.py", line 197, in _get_response
    response = wrapped_callback(request, *callback_args, **callback_kwargs)
               ^^^^^^^^^^^^^^^^^^^^^^^^^^^^^^^^^^^^^^^^^^^^^^^^^^^^^^^^^^^^
  File "C:\Users\Настя\PycharmProjects\DjangoProject\myproject\gameapp\views.py", line 18, in coin
    return render(request, 'gameapp/coin.html', {'lst': lst})
           ^^^^^^^^^^^^^^^^^^^^^^^^^^^^^^^^^^^^^^^^^^^^^^^^^^
  File "C:\Users\Настя\PycharmProjects\DjangoProject\venv\Lib\site-packages\django\shortcuts.py", line 25, in render
    content = loader.render_to_string(template_name, context, request, using=using)
              ^^^^^^^^^^^^^^^^^^^^^^^^^^^^^^^^^^^^^^^^^^^^^^^^^^^^^^^^^^^^^^^^^^^^^
  File "C:\Users\Настя\PycharmProjects\DjangoProject\venv\Lib\site-packages\django\template\loader.py", line 61, in render_to_string
    template = get_template(template_name, using=using)
               ^^^^^^^^^^^^^^^^^^^^^^^^^^^^^^^^^^^^^^^^
  File "C:\Users\Настя\PycharmProjects\DjangoProject\venv\Lib\site-packages\django\template\loader.py", line 15, in get_template
    return engine.get_template(template_name)
           ^^^^^^^^^^^^^^^^^^^^^^^^^^^^^^^^^^
  File "C:\Users\Настя\PycharmProjects\DjangoProject\venv\Lib\site-packages\django\template\backends\django.py", line 33, in get_template
    return Template(self.engine.get_template(template_name), self)
                    ^^^^^^^^^^^^^^^^^^^^^^^^^^^^^^^^^^^^^^^
  File "C:\Users\Настя\PycharmProjects\DjangoProject\venv\Lib\site-packages\django\template\engine.py", line 177, in get_template
    template, origin = self.find_template(template_name)
                       ^^^^^^^^^^^^^^^^^^^^^^^^^^^^^^^^^
  File "C:\Users\Настя\PycharmProjects\DjangoProject\venv\Lib\site-packages\django\template\engine.py", line 159, in find_template
    template = loader.get_template(name, skip=skip)
               ^^^^^^^^^^^^^^^^^^^^^^^^^^^^^^^^^^^^
  File "C:\Users\Настя\PycharmProjects\DjangoProject\venv\Lib\site-packages\django\template\loaders\cached.py", line 57, in get_template
    template = super().get_template(template_name, skip)
               ^^^^^^^^^^^^^^^^^^^^^^^^^^^^^^^^^^^^^^^^^
  File "C:\Users\Настя\PycharmProjects\DjangoProject\venv\Lib\site-packages\django\template\loaders\base.py", line 28, in get_template
    return Template(
           ^^^^^^^^^
  File "C:\Users\Настя\PycharmProjects\DjangoProject\venv\Lib\site-packages\django\template\base.py", line 154, in __init__
    self.nodelist = self.compile_nodelist()
                    ^^^^^^^^^^^^^^^^^^^^^^^
  File "C:\Users\Настя\PycharmProjects\DjangoProject\venv\Lib\site-packages\django\template\base.py", line 196, in compile_nodelist
    return parser.parse()
           ^^^^^^^^^^^^^^
  File "C:\Users\Настя\PycharmProjects\DjangoProject\venv\Lib\site-packages\django\template\base.py", line 510, in parse
    raise self.error(token, e)
  File "C:\Users\Настя\PycharmProjects\DjangoProject\venv\Lib\site-packages\django\template\base.py", line 508, in parse
    compiled_result = compile_func(self, token)
                      ^^^^^^^^^^^^^^^^^^^^^^^^^
  File "C:\Users\Настя\PycharmProjects\DjangoProject\venv\Lib\site-packages\django\template\defaulttags.py", line 861, in do_for
    nodelist_loop = parser.parse(
                    ^^^^^^^^^^^^^
  File "C:\Users\Настя\PycharmProjects\DjangoProject\venv\Lib\site-packages\django\template\base.py", line 504, in parse
    self.invalid_block_tag(token, command, parse_until)
  File "C:\Users\Настя\PycharmProjects\DjangoProject\venv\Lib\site-packages\django\template\base.py", line 555, in invalid_block_tag
    raise self.error(
django.template.exceptions.TemplateSyntaxError: Invalid block tag on line 12: 'endform', expected 'empty' or 'endfor'. Did you forget to register or load this tag?
"GET /game/coin/ HTTP/1.1" 500 147341
"GET /game/coin/ HTTP/1.1" 200 172
"GET /game/gamechoice/ HTTP/1.1" 200 759
"POST /game/gamechoice/ HTTP/1.1" 200 204
Watching for file changes with StatReloader
"GET /game/gamechoice/ HTTP/1.1" 200 759
"POST /game/gamechoice/ HTTP/1.1" 200 192
C:\Users\Настя\PycharmProjects\DjangoProject\myproject\gameapp\views.py changed, reloading.
Watching for file changes with StatReloader
"POST /game/gamechoice/ HTTP/1.1" 200 194
"GET /game/coin/ HTTP/1.1" 200 176
"GET /game/gamechoice/ HTTP/1.1" 200 759
"POST /game/gamechoice/ HTTP/1.1" 200 252
C:\Users\Настя\PycharmProjects\DjangoProject\myproject\blogapp\models.py changed, reloading.
Watching for file changes with StatReloader
C:\Users\Настя\PycharmProjects\DjangoProject\myproject\blogapp\forms.py changed, reloading.
Watching for file changes with StatReloader
"GET / HTTP/1.1" 200 222
Not Found: /favicon.ico
"GET /favicon.ico HTTP/1.1" 404 2633
Internal Server Error: /blog/postauthors
Traceback (most recent call last):
  File "C:\Users\Настя\PycharmProjects\DjangoProject\venv\Lib\site-packages\django\core\handlers\exception.py", line 55, in inner
    response = get_response(request)
               ^^^^^^^^^^^^^^^^^^^^^
  File "C:\Users\Настя\PycharmProjects\DjangoProject\venv\Lib\site-packages\django\core\handlers\base.py", line 197, in _get_response
    response = wrapped_callback(request, *callback_args, **callback_kwargs)
               ^^^^^^^^^^^^^^^^^^^^^^^^^^^^^^^^^^^^^^^^^^^^^^^^^^^^^^^^^^^^
  File "C:\Users\Настя\PycharmProjects\DjangoProject\myproject\blogapp\views.py", line 35, in post_author
    return render(requests, 'blogapp/postauthor.html', {'form': form})
                                                                ^^^^
UnboundLocalError: cannot access local variable 'form' where it is not associated with a value
"GET /blog/postauthors HTTP/1.1" 500 64913
C:\Users\Настя\PycharmProjects\DjangoProject\myproject\blogapp\urls.py changed, reloading.
Watching for file changes with StatReloader
Internal Server Error: /blog/postauthors
Traceback (most recent call last):
  File "C:\Users\Настя\PycharmProjects\DjangoProject\venv\Lib\site-packages\django\core\handlers\exception.py", line 55, in inner
    response = get_response(request)
               ^^^^^^^^^^^^^^^^^^^^^
  File "C:\Users\Настя\PycharmProjects\DjangoProject\venv\Lib\site-packages\django\core\handlers\base.py", line 197, in _get_response
    response = wrapped_callback(request, *callback_args, **callback_kwargs)
               ^^^^^^^^^^^^^^^^^^^^^^^^^^^^^^^^^^^^^^^^^^^^^^^^^^^^^^^^^^^^
  File "C:\Users\Настя\PycharmProjects\DjangoProject\myproject\blogapp\views.py", line 35, in post_author
    return render(requests, 'blogapp/postauthor.html', {'form': form})
                                                                ^^^^
UnboundLocalError: cannot access local variable 'form' where it is not associated with a value
"GET /blog/postauthors HTTP/1.1" 500 65050
C:\Users\Настя\PycharmProjects\DjangoProject\myproject\blogapp\forms.py changed, reloading.
Watching for file changes with StatReloader
C:\Users\Настя\PycharmProjects\DjangoProject\myproject\blogapp\views.py changed, reloading.
Watching for file changes with StatReloader
"GET /blog/postauthors HTTP/1.1" 200 1062
"POST /blog/postauthors HTTP/1.1" 200 1217
"POST /blog/postauthors HTTP/1.1" 200 343
"POST /blog/postauthors HTTP/1.1" 200 1460
"GET / HTTP/1.1" 200 222
"GET /blog/postauthors HTTP/1.1" 200 1064
Internal Server Error: /blog/postauthors
Traceback (most recent call last):
  File "C:\Users\Настя\PycharmProjects\DjangoProject\venv\Lib\site-packages\django\db\utils.py", line 98, in inner
    return func(*args, **kwargs)
           ^^^^^^^^^^^^^^^^^^^^^
sqlite3.OperationalError: database is locked

The above exception was the direct cause of the following exception:

Traceback (most recent call last):
  File "C:\Users\Настя\PycharmProjects\DjangoProject\venv\Lib\site-packages\django\core\handlers\exception.py", line 55, in inner
    response = get_response(request)
               ^^^^^^^^^^^^^^^^^^^^^
  File "C:\Users\Настя\PycharmProjects\DjangoProject\venv\Lib\site-packages\django\core\handlers\base.py", line 197, in _get_response
    response = wrapped_callback(request, *callback_args, **callback_kwargs)
               ^^^^^^^^^^^^^^^^^^^^^^^^^^^^^^^^^^^^^^^^^^^^^^^^^^^^^^^^^^^^
  File "C:\Users\Настя\PycharmProjects\DjangoProject\myproject\blogapp\views.py", line 31, in post_author
    author.save()
  File "C:\Users\Настя\PycharmProjects\DjangoProject\venv\Lib\site-packages\django\db\models\base.py", line 822, in save
    self.save_base(
  File "C:\Users\Настя\PycharmProjects\DjangoProject\venv\Lib\site-packages\django\db\models\base.py", line 909, in save_base
    updated = self._save_table(
              ^^^^^^^^^^^^^^^^^
  File "C:\Users\Настя\PycharmProjects\DjangoProject\venv\Lib\site-packages\django\db\models\base.py", line 1067, in _save_table
    results = self._do_insert(
              ^^^^^^^^^^^^^^^^
  File "C:\Users\Настя\PycharmProjects\DjangoProject\venv\Lib\site-packages\django\db\models\base.py", line 1108, in _do_insert
    return manager._insert(
           ^^^^^^^^^^^^^^^^
  File "C:\Users\Настя\PycharmProjects\DjangoProject\venv\Lib\site-packages\django\db\models\manager.py", line 87, in manager_method
    return getattr(self.get_queryset(), name)(*args, **kwargs)
           ^^^^^^^^^^^^^^^^^^^^^^^^^^^^^^^^^^^^^^^^^^^^^^^^^^^
  File "C:\Users\Настя\PycharmProjects\DjangoProject\venv\Lib\site-packages\django\db\models\query.py", line 1847, in _insert
    return query.get_compiler(using=using).execute_sql(returning_fields)
           ^^^^^^^^^^^^^^^^^^^^^^^^^^^^^^^^^^^^^^^^^^^^^^^^^^^^^^^^^^^^^
  File "C:\Users\Настя\PycharmProjects\DjangoProject\venv\Lib\site-packages\django\db\models\sql\compiler.py", line 1835, in execute_sql
    self.connection.ops.fetch_returned_insert_columns(
  File "C:\Users\Настя\PycharmProjects\DjangoProject\venv\Lib\site-packages\django\db\backends\base\operations.py", line 216, in fetch_returned_insert_columns
    return cursor.fetchone()
           ^^^^^^^^^^^^^^^^^
  File "C:\Users\Настя\PycharmProjects\DjangoProject\venv\Lib\site-packages\django\db\utils.py", line 97, in inner
    with self:
  File "C:\Users\Настя\PycharmProjects\DjangoProject\venv\Lib\site-packages\django\db\utils.py", line 91, in __exit__
    raise dj_exc_value.with_traceback(traceback) from exc_value
  File "C:\Users\Настя\PycharmProjects\DjangoProject\venv\Lib\site-packages\django\db\utils.py", line 98, in inner
    return func(*args, **kwargs)
           ^^^^^^^^^^^^^^^^^^^^^
django.db.utils.OperationalError: database is locked
"POST /blog/postauthors HTTP/1.1" 500 127649
Internal Server Error: /blog/postauthors
Traceback (most recent call last):
  File "C:\Users\Настя\PycharmProjects\DjangoProject\venv\Lib\site-packages\django\db\utils.py", line 98, in inner
    return func(*args, **kwargs)
           ^^^^^^^^^^^^^^^^^^^^^
sqlite3.OperationalError: database is locked

The above exception was the direct cause of the following exception:

Traceback (most recent call last):
  File "C:\Users\Настя\PycharmProjects\DjangoProject\venv\Lib\site-packages\django\core\handlers\exception.py", line 55, in inner
    response = get_response(request)
               ^^^^^^^^^^^^^^^^^^^^^
  File "C:\Users\Настя\PycharmProjects\DjangoProject\venv\Lib\site-packages\django\core\handlers\base.py", line 197, in _get_response
    response = wrapped_callback(request, *callback_args, **callback_kwargs)
               ^^^^^^^^^^^^^^^^^^^^^^^^^^^^^^^^^^^^^^^^^^^^^^^^^^^^^^^^^^^^
  File "C:\Users\Настя\PycharmProjects\DjangoProject\myproject\blogapp\views.py", line 31, in post_author
    author.save()
  File "C:\Users\Настя\PycharmProjects\DjangoProject\venv\Lib\site-packages\django\db\models\base.py", line 822, in save
    self.save_base(
  File "C:\Users\Настя\PycharmProjects\DjangoProject\venv\Lib\site-packages\django\db\models\base.py", line 909, in save_base
    updated = self._save_table(
              ^^^^^^^^^^^^^^^^^
  File "C:\Users\Настя\PycharmProjects\DjangoProject\venv\Lib\site-packages\django\db\models\base.py", line 1067, in _save_table
    results = self._do_insert(
              ^^^^^^^^^^^^^^^^
  File "C:\Users\Настя\PycharmProjects\DjangoProject\venv\Lib\site-packages\django\db\models\base.py", line 1108, in _do_insert
    return manager._insert(
           ^^^^^^^^^^^^^^^^
  File "C:\Users\Настя\PycharmProjects\DjangoProject\venv\Lib\site-packages\django\db\models\manager.py", line 87, in manager_method
    return getattr(self.get_queryset(), name)(*args, **kwargs)
           ^^^^^^^^^^^^^^^^^^^^^^^^^^^^^^^^^^^^^^^^^^^^^^^^^^^
  File "C:\Users\Настя\PycharmProjects\DjangoProject\venv\Lib\site-packages\django\db\models\query.py", line 1847, in _insert
    return query.get_compiler(using=using).execute_sql(returning_fields)
           ^^^^^^^^^^^^^^^^^^^^^^^^^^^^^^^^^^^^^^^^^^^^^^^^^^^^^^^^^^^^^
  File "C:\Users\Настя\PycharmProjects\DjangoProject\venv\Lib\site-packages\django\db\models\sql\compiler.py", line 1835, in execute_sql
    self.connection.ops.fetch_returned_insert_columns(
  File "C:\Users\Настя\PycharmProjects\DjangoProject\venv\Lib\site-packages\django\db\backends\base\operations.py", line 216, in fetch_returned_insert_columns
    return cursor.fetchone()
           ^^^^^^^^^^^^^^^^^
  File "C:\Users\Настя\PycharmProjects\DjangoProject\venv\Lib\site-packages\django\db\utils.py", line 97, in inner
    with self:
  File "C:\Users\Настя\PycharmProjects\DjangoProject\venv\Lib\site-packages\django\db\utils.py", line 91, in __exit__
    raise dj_exc_value.with_traceback(traceback) from exc_value
  File "C:\Users\Настя\PycharmProjects\DjangoProject\venv\Lib\site-packages\django\db\utils.py", line 98, in inner
    return func(*args, **kwargs)
           ^^^^^^^^^^^^^^^^^^^^^
django.db.utils.OperationalError: database is locked
"POST /blog/postauthors HTTP/1.1" 500 127649
"POST /blog/postauthors HTTP/1.1" 200 131
"GET /blog/postauthors HTTP/1.1" 200 1064
"POST /blog/postauthors HTTP/1.1" 200 131
"POST /blog/postauthors HTTP/1.1" 200 158
Watching for file changes with StatReloader
"GET / HTTP/1.1" 200 222
Not Found: /favicon.ico
"GET /favicon.ico HTTP/1.1" 404 2633
"GET /admin HTTP/1.1" 301 0
"GET /admin/ HTTP/1.1" 302 0
"GET /admin/login/?next=/admin/ HTTP/1.1" 200 4158
"GET /static/admin/css/base.css HTTP/1.1" 200 21544
"GET /static/admin/js/nav_sidebar.js HTTP/1.1" 200 3063
"GET /static/admin/css/dark_mode.css HTTP/1.1" 200 2682
"GET /static/admin/js/theme.js HTTP/1.1" 200 1943
"GET /static/admin/css/responsive.css HTTP/1.1" 200 17905
"GET /static/admin/css/login.css HTTP/1.1" 200 958
"GET /static/admin/css/nav_sidebar.css HTTP/1.1" 200 2810
"POST /admin/login/?next=/admin/ HTTP/1.1" 200 4319
Watching for file changes with StatReloader
"GET / HTTP/1.1" 200 222
"GET /admin/ HTTP/1.1" 302 0
"GET /admin/login/?next=/admin/ HTTP/1.1" 200 4158
"POST /admin/login/?next=/admin/ HTTP/1.1" 200 4319
"POST /admin/login/?next=/admin/ HTTP/1.1" 200 4319
"POST /admin/login/?next=/admin/ HTTP/1.1" 200 4319
"GET /admin/ HTTP/1.1" 302 0
"GET /admin/login/?next=/admin/ HTTP/1.1" 200 4158
"GET /admin/ HTTP/1.1" 302 0
"GET /admin/login/?next=/admin/ HTTP/1.1" 200 4158
"POST /admin/login/?next=/admin/ HTTP/1.1" 200 4319
Watching for file changes with StatReloader
"GET / HTTP/1.1" 200 222
"GET /admin/ HTTP/1.1" 302 0
"GET /admin/login/?next=/admin/ HTTP/1.1" 200 4158
"POST /admin/login/?next=/admin/ HTTP/1.1" 200 4319
Watching for file changes with StatReloader
"GET / HTTP/1.1" 200 222
"GET /admin/ HTTP/1.1" 302 0
"GET /admin/login/?next=/admin/ HTTP/1.1" 200 4158
"POST /admin/login/?next=/admin/ HTTP/1.1" 302 0
"GET /admin/ HTTP/1.1" 200 5533
"GET /static/admin/css/dashboard.css HTTP/1.1" 200 441
"GET /static/admin/img/icon-addlink.svg HTTP/1.1" 200 331
"GET /static/admin/img/icon-changelink.svg HTTP/1.1" 200 380
"GET /admin/auth/group/ HTTP/1.1" 200 7242
"GET /static/admin/css/changelists.css HTTP/1.1" 200 6811
"GET /static/admin/js/core.js HTTP/1.1" 200 6208
"GET /static/admin/js/jquery.init.js HTTP/1.1" 200 347
"GET /static/admin/js/admin/RelatedObjectLookups.js HTTP/1.1" 200 9042
"GET /admin/jsi18n/ HTTP/1.1" 200 3342
"GET /static/admin/js/actions.js HTTP/1.1" 200 8067
"GET /static/admin/js/prepopulate.js HTTP/1.1" 200 1531
"GET /static/admin/img/search.svg HTTP/1.1" 200 458
"GET /static/admin/js/urlify.js HTTP/1.1" 200 7887
"GET /static/admin/js/vendor/jquery/jquery.js HTTP/1.1" 200 285314
"GET /static/admin/js/vendor/xregexp/xregexp.js HTTP/1.1" 200 325171
"GET /static/admin/js/filters.js HTTP/1.1" 200 978
"GET /static/admin/img/tooltag-add.svg HTTP/1.1" 200 331
"GET /admin/ HTTP/1.1" 200 5533
"GET /admin/auth/user/ HTTP/1.1" 200 10742
"GET /static/admin/img/icon-yes.svg HTTP/1.1" 200 436
"GET /admin/jsi18n/ HTTP/1.1" 200 3342
"GET /static/admin/img/sorting-icons.svg HTTP/1.1" 200 1097
"GET /static/admin/img/icon-viewlink.svg HTTP/1.1" 200 581
"GET /admin/ HTTP/1.1" 200 5533
C:\Users\Настя\PycharmProjects\DjangoProject\myproject\gameapp\admin.py changed, reloading.
Watching for file changes with StatReloader
C:\Users\Настя\PycharmProjects\DjangoProject\myproject\gameapp\admin.py changed, reloading.
Watching for file changes with StatReloader
C:\Users\Настя\PycharmProjects\DjangoProject\myproject\gameapp\admin.py changed, reloading.
Watching for file changes with StatReloader
Watching for file changes with StatReloader
"GET / HTTP/1.1" 200 222
"GET /admin/ HTTP/1.1" 200 6178
"GET /admin/gameapp/coin/ HTTP/1.1" 200 11266
"GET /admin/jsi18n/ HTTP/1.1" 200 3342
C:\Users\Настя\PycharmProjects\DjangoProject\myproject\blogapp\admin.py changed, reloading.
Watching for file changes with StatReloader
"GET /admin/auth/group/ HTTP/1.1" 200 8282
"GET /admin/jsi18n/ HTTP/1.1" 200 3342
"GET /admin/blogapp/author/ HTTP/1.1" 200 36929
"GET /admin/jsi18n/ HTTP/1.1" 200 3342
Watching for file changes with StatReloader
"GET /admin/blogapp/author/ HTTP/1.1" 200 36929
"GET /admin/jsi18n/ HTTP/1.1" 200 3342
Not Found: /favicon.ico
"GET /favicon.ico HTTP/1.1" 404 2633
"GET /admin/auth/group/add/ HTTP/1.1" 200 13235
"GET /admin/jsi18n/ HTTP/1.1" 200 3342
"GET /static/admin/css/forms.css HTTP/1.1" 200 9090
"GET /static/admin/css/widgets.css HTTP/1.1" 200 11800
"GET /static/admin/js/SelectFilter2.js HTTP/1.1" 200 15492
"GET /static/admin/js/SelectBox.js HTTP/1.1" 200 4530
"GET /static/admin/js/change_form.js HTTP/1.1" 200 606
"GET /static/admin/js/prepopulate_init.js HTTP/1.1" 200 586
"GET /static/admin/img/selector-icons.svg HTTP/1.1" 200 3291
"GET /static/admin/img/icon-unknown-alt.svg HTTP/1.1" 200 655
"GET /static/admin/img/icon-unknown.svg HTTP/1.1" 200 655
"POST /admin/auth/group/add/ HTTP/1.1" 302 0
"GET /admin/auth/group/ HTTP/1.1" 200 9734
"GET /admin/jsi18n/ HTTP/1.1" 200 3342
"GET /static/admin/img/icon-yes.svg HTTP/1.1" 200 436
"GET /admin/auth/group/add/ HTTP/1.1" 200 13235
"GET /admin/jsi18n/ HTTP/1.1" 200 3342
"POST /admin/auth/group/add/ HTTP/1.1" 302 0
"GET /admin/auth/group/ HTTP/1.1" 200 10028
"GET /admin/jsi18n/ HTTP/1.1" 200 3342
"GET /admin/auth/group/add/ HTTP/1.1" 200 13235
"GET /admin/jsi18n/ HTTP/1.1" 200 3342
"GET /admin/auth/group/ HTTP/1.1" 200 9822
"GET /admin/jsi18n/ HTTP/1.1" 200 3342
"GET /admin/auth/group/ HTTP/1.1" 200 9822
"GET /admin/jsi18n/ HTTP/1.1" 200 3342
"GET /admin/auth/group/add/ HTTP/1.1" 200 13235
"GET /admin/jsi18n/ HTTP/1.1" 200 3342
"POST /admin/auth/group/add/ HTTP/1.1" 302 0
"GET /admin/auth/group/ HTTP/1.1" 200 10340
"GET /admin/jsi18n/ HTTP/1.1" 200 3342
"GET /admin/auth/group/1/change/ HTTP/1.1" 200 13527
"GET /admin/jsi18n/ HTTP/1.1" 200 3342
"POST /admin/auth/group/1/change/ HTTP/1.1" 302 0
"GET /admin/auth/group/ HTTP/1.1" 200 10348
"GET /admin/jsi18n/ HTTP/1.1" 200 3342
"GET /admin/auth/group/3/change/ HTTP/1.1" 200 13539
"GET /admin/jsi18n/ HTTP/1.1" 200 3342
"POST /admin/auth/group/3/change/ HTTP/1.1" 302 0
"GET /admin/auth/group/ HTTP/1.1" 200 10354
"GET /admin/jsi18n/ HTTP/1.1" 200 3342
"GET /admin/auth/group/2/change/ HTTP/1.1" 200 13661
"GET /admin/jsi18n/ HTTP/1.1" 200 3342
"POST /admin/auth/group/2/change/ HTTP/1.1" 302 0
"GET /admin/auth/group/ HTTP/1.1" 200 10340
"GET /admin/jsi18n/ HTTP/1.1" 200 3342
"GET /admin/auth/group/1/change/ HTTP/1.1" 200 13563
"GET /admin/jsi18n/ HTTP/1.1" 200 3342
"POST /admin/auth/group/1/change/ HTTP/1.1" 302 0
"GET /admin/auth/group/ HTTP/1.1" 200 10340
"GET /admin/jsi18n/ HTTP/1.1" 200 3342
"GET /admin/auth/user/add/ HTTP/1.1" 200 11174
"GET /admin/jsi18n/ HTTP/1.1" 200 3342
"POST /admin/auth/user/add/ HTTP/1.1" 200 11447
"GET /admin/jsi18n/ HTTP/1.1" 200 3342
"POST /admin/auth/user/add/ HTTP/1.1" 200 11447
"GET /admin/jsi18n/ HTTP/1.1" 200 3342
"POST /admin/auth/user/add/ HTTP/1.1" 200 11372
"GET /admin/jsi18n/ HTTP/1.1" 200 3342
"POST /admin/auth/user/add/ HTTP/1.1" 302 0
"GET /admin/auth/user/2/change/ HTTP/1.1" 200 23140
"GET /static/admin/js/calendar.js HTTP/1.1" 200 9141
"GET /static/admin/js/admin/DateTimeShortcuts.js HTTP/1.1" 200 19319
"GET /admin/jsi18n/ HTTP/1.1" 200 3342
"GET /static/admin/img/icon-clock.svg HTTP/1.1" 200 677
"GET /static/admin/img/icon-calendar.svg HTTP/1.1" 200 1086
"POST /admin/auth/user/2/change/ HTTP/1.1" 302 0
"GET /admin/auth/user/ HTTP/1.1" 200 12871
"GET /static/admin/img/icon-no.svg HTTP/1.1" 200 560
"GET /admin/jsi18n/ HTTP/1.1" 200 3342
"GET /static/admin/img/icon-viewlink.svg HTTP/1.1" 200 581
"GET /static/admin/img/sorting-icons.svg HTTP/1.1" 200 1097
"GET /admin/auth/user/add/ HTTP/1.1" 200 11174
"GET /admin/jsi18n/ HTTP/1.1" 200 3342
"POST /admin/auth/user/add/ HTTP/1.1" 302 0
"GET /admin/auth/user/3/change/ HTTP/1.1" 200 23140
"GET /admin/jsi18n/ HTTP/1.1" 200 3342
"POST /admin/auth/user/3/change/ HTTP/1.1" 302 0
"GET /admin/auth/user/ HTTP/1.1" 200 13308
"GET /admin/jsi18n/ HTTP/1.1" 200 3342
"GET /admin/auth/user/2/change/ HTTP/1.1" 200 22929
"GET /admin/jsi18n/ HTTP/1.1" 200 3342
"POST /admin/auth/user/2/change/ HTTP/1.1" 302 0
"GET /admin/auth/user/ HTTP/1.1" 200 13308
"GET /admin/jsi18n/ HTTP/1.1" 200 3342
"GET /admin/auth/user/2/change/ HTTP/1.1" 200 22929
"GET /admin/jsi18n/ HTTP/1.1" 200 3342
"POST /admin/auth/user/2/change/ HTTP/1.1" 302 0
"GET /admin/auth/user/ HTTP/1.1" 200 13308
"GET /admin/jsi18n/ HTTP/1.1" 200 3342
"GET /admin/auth/user/3/change/ HTTP/1.1" 200 22929
"GET /admin/jsi18n/ HTTP/1.1" 200 3342
"POST /admin/auth/user/3/change/ HTTP/1.1" 302 0
"GET /admin/auth/user/ HTTP/1.1" 200 13308
"GET /admin/jsi18n/ HTTP/1.1" 200 3342
"POST /admin/logout/ HTTP/1.1" 200 3553
"GET /admin/ HTTP/1.1" 302 0
"GET /admin/login/?next=/admin/ HTTP/1.1" 200 4158
"POST /admin/login/?next=/admin/ HTTP/1.1" 200 4319
"POST /admin/login/?next=/admin/ HTTP/1.1" 302 0
"GET /admin/ HTTP/1.1" 200 5744
"GET /admin/blogapp/author/ HTTP/1.1" 200 17594
"GET /admin/ HTTP/1.1" 200 5744
"GET /admin/gameapp/coin/ HTTP/1.1" 200 8421
"GET /admin/ HTTP/1.1" 200 5744
"POST /admin/logout/ HTTP/1.1" 200 3553
"GET /admin/ HTTP/1.1" 302 0
"GET /admin/login/?next=/admin/ HTTP/1.1" 200 4158
"POST /admin/login/?next=/admin/ HTTP/1.1" 302 0
"GET /admin/ HTTP/1.1" 200 10325
C:\Users\Настя\PycharmProjects\DjangoProject\myproject\blogapp\admin.py changed, reloading.
Watching for file changes with StatReloader
"GET / HTTP/1.1" 200 222
Not Found: /favicon.ico
"GET /favicon.ico HTTP/1.1" 404 2633
"GET /admin/ HTTP/1.1" 200 10325
C:\Users\Настя\PycharmProjects\DjangoProject\myproject\gameapp\admin.py changed, reloading.
Watching for file changes with StatReloader
C:\Users\Настя\PycharmProjects\DjangoProject\myproject\gameapp\admin.py changed, reloading.
Watching for file changes with StatReloader
C:\Users\Настя\PycharmProjects\DjangoProject\myproject\gameapp\admin.py changed, reloading.
Watching for file changes with StatReloader
"GET /admin/ HTTP/1.1" 200 10325
"GET /admin/gameapp/coin/ HTTP/1.1" 200 11410
"GET /admin/jsi18n/ HTTP/1.1" 200 3342
"GET /admin/gameapp/coin/8/change/ HTTP/1.1" 200 10132
"GET /admin/jsi18n/ HTTP/1.1" 200 3342
"GET /admin/gameapp/coin/ HTTP/1.1" 200 11410
C:\Users\Настя\PycharmProjects\DjangoProject\myproject\blogapp\admin.py changed, reloading.
Watching for file changes with StatReloader
"GET /admin/blogapp/author/ HTTP/1.1" 200 44923
"GET /admin/jsi18n/ HTTP/1.1" 200 3342
C:\Users\Настя\PycharmProjects\DjangoProject\myproject\blogapp\admin.py changed, reloading.
Watching for file changes with StatReloader
"GET /admin/gameapp/coin/ HTTP/1.1" 200 11410
"GET /admin/jsi18n/ HTTP/1.1" 200 3342
"GET /admin/blogapp/author/ HTTP/1.1" 200 57130
"GET /admin/jsi18n/ HTTP/1.1" 200 3342
"GET /static/admin/img/icon-viewlink.svg HTTP/1.1" 200 581
"POST /admin/blogapp/author/ HTTP/1.1" 302 0
"GET /admin/blogapp/author/ HTTP/1.1" 200 57323
"GET /admin/jsi18n/ HTTP/1.1" 200 3342
"GET /static/admin/img/icon-alert.svg HTTP/1.1" 200 504
"GET /admin/gameapp/coin/ HTTP/1.1" 200 11410
"GET /admin/jsi18n/ HTTP/1.1" 200 3342
C:\Users\Настя\PycharmProjects\DjangoProject\myproject\blogapp\admin.py changed, reloading.
Watching for file changes with StatReloader
"GET /admin/blogapp/author/ HTTP/1.1" 200 51376
"GET /admin/jsi18n/ HTTP/1.1" 200 3342
"GET /admin/blogapp/author/?bday__gte=2024-03-31&bday__lt=2024-04-08 HTTP/1.1" 200 20225
"GET /admin/jsi18n/ HTTP/1.1" 200 3342
"GET /admin/blogapp/author/? HTTP/1.1" 200 51376
"GET /admin/jsi18n/ HTTP/1.1" 200 3342
C:\Users\Настя\PycharmProjects\DjangoProject\myproject\blogapp\admin.py changed, reloading.
Watching for file changes with StatReloader
"GET /admin/gameapp/coin/ HTTP/1.1" 200 11410
"GET /admin/jsi18n/ HTTP/1.1" 200 3342
"GET /admin/blogapp/author/ HTTP/1.1" 200 51701
"GET /admin/jsi18n/ HTTP/1.1" 200 3342
"GET /admin/blogapp/author/?q=99 HTTP/1.1" 200 17898
"GET /admin/jsi18n/ HTTP/1.1" 200 3342
C:\Users\Настя\PycharmProjects\DjangoProject\myproject\blogapp\admin.py changed, reloading.
Watching for file changes with StatReloader
C:\Users\Настя\PycharmProjects\DjangoProject\myproject\blogapp\admin.py changed, reloading.
Watching for file changes with StatReloader
C:\Users\Настя\PycharmProjects\DjangoProject\myproject\blogapp\admin.py changed, reloading.
Watching for file changes with StatReloader
C:\Users\Настя\PycharmProjects\DjangoProject\myproject\blogapp\admin.py changed, reloading.
Watching for file changes with StatReloader
"GET /admin/gameapp/coin/ HTTP/1.1" 200 11410
"GET /admin/jsi18n/ HTTP/1.1" 200 3342
"GET /admin/blogapp/author/ HTTP/1.1" 200 51701
"GET /admin/jsi18n/ HTTP/1.1" 200 3342
"GET /admin/blogapp/author/206/change/ HTTP/1.1" 200 9386
"GET /admin/jsi18n/ HTTP/1.1" 200 3342
"GET /admin/blogapp/author/ HTTP/1.1" 200 51701
C:\Users\Настя\PycharmProjects\DjangoProject\myproject\blogapp\admin.py changed, reloading.
Watching for file changes with StatReloader
C:\Users\Настя\PycharmProjects\DjangoProject\myproject\blogapp\admin.py changed, reloading.
Watching for file changes with StatReloader
C:\Users\Настя\PycharmProjects\DjangoProject\myproject\blogapp\admin.py changed, reloading.
Watching for file changes with StatReloader
C:\Users\Настя\PycharmProjects\DjangoProject\myproject\blogapp\admin.py changed, reloading.
Watching for file changes with StatReloader
C:\Users\Настя\PycharmProjects\DjangoProject\myproject\blogapp\admin.py changed, reloading.
Watching for file changes with StatReloader
C:\Users\Настя\PycharmProjects\DjangoProject\myproject\blogapp\admin.py changed, reloading.
Watching for file changes with StatReloader
C:\Users\Настя\PycharmProjects\DjangoProject\myproject\blogapp\admin.py changed, reloading.
Watching for file changes with StatReloader
"GET /admin/blogapp/author/ HTTP/1.1" 200 51701
"GET /admin/jsi18n/ HTTP/1.1" 200 3342
"GET /admin/blogapp/author/ HTTP/1.1" 200 51701
"GET /admin/jsi18n/ HTTP/1.1" 200 3342
"GET /admin/blogapp/author/206/change/ HTTP/1.1" 200 9621
"GET /admin/jsi18n/ HTTP/1.1" 200 3342
C:\Users\Настя\PycharmProjects\DjangoProject\myproject\blogapp\admin.py changed, reloading.
Watching for file changes with StatReloader
C:\Users\Настя\PycharmProjects\DjangoProject\myproject\blogapp\admin.py changed, reloading.
Watching for file changes with StatReloader
"GET /admin/blogapp/author/206/change/ HTTP/1.1" 200 11129
"GET /admin/jsi18n/ HTTP/1.1" 200 3342
C:\Users\Настя\PycharmProjects\DjangoProject\myproject\blogapp\admin.py changed, reloading.
Watching for file changes with StatReloader
C:\Users\Настя\PycharmProjects\DjangoProject\myproject\blogapp\admin.py changed, reloading.
Watching for file changes with StatReloader
C:\Users\Настя\PycharmProjects\DjangoProject\myproject\blogapp\admin.py changed, reloading.
Watching for file changes with StatReloader
C:\Users\Настя\PycharmProjects\DjangoProject\myproject\blogapp\admin.py changed, reloading.
Watching for file changes with StatReloader
C:\Users\Настя\PycharmProjects\DjangoProject\myproject\blogapp\admin.py changed, reloading.
Watching for file changes with StatReloader
C:\Users\Настя\PycharmProjects\DjangoProject\myproject\blogapp\admin.py changed, reloading.
Watching for file changes with StatReloader
C:\Users\Настя\PycharmProjects\DjangoProject\myproject\blogapp\admin.py changed, reloading.
Watching for file changes with StatReloader
C:\Users\Настя\PycharmProjects\DjangoProject\myproject\blogapp\admin.py changed, reloading.
Watching for file changes with StatReloader
"GET /admin/blogapp/author/ HTTP/1.1" 200 51756
"GET /admin/jsi18n/ HTTP/1.1" 200 3342
"POST /admin/blogapp/author/ HTTP/1.1" 302 0
"GET /admin/blogapp/author/ HTTP/1.1" 200 51807
"GET /admin/jsi18n/ HTTP/1.1" 200 3342
C:\Users\Настя\PycharmProjects\DjangoProject\myproject\shopapp\urls.py changed, reloading.
Watching for file changes with StatReloader
C:\Users\Настя\PycharmProjects\DjangoProject\myproject\shopapp\urls.py changed, reloading.
Watching for file changes with StatReloader
C:\Users\Настя\PycharmProjects\DjangoProject\myproject\myproject\urls.py changed, reloading.
Watching for file changes with StatReloader
C:\Users\Настя\PycharmProjects\DjangoProject\myproject\shopapp\urls.py changed, reloading.
Watching for file changes with StatReloader
C:\Users\Настя\PycharmProjects\DjangoProject\myproject\shopapp\views.py changed, reloading.
Watching for file changes with StatReloader
C:\Users\Настя\PycharmProjects\DjangoProject\myproject\shopapp\views.py changed, reloading.
Watching for file changes with StatReloader
C:\Users\Настя\PycharmProjects\DjangoProject\myproject\shopapp\views.py changed, reloading.
Watching for file changes with StatReloader
C:\Users\Настя\PycharmProjects\DjangoProject\myproject\shopapp\views.py changed, reloading.
Watching for file changes with StatReloader
C:\Users\Настя\PycharmProjects\DjangoProject\myproject\shopapp\views.py changed, reloading.
Watching for file changes with StatReloader
C:\Users\Настя\PycharmProjects\DjangoProject\myproject\shopapp\views.py changed, reloading.
Watching for file changes with StatReloader
C:\Users\Настя\PycharmProjects\DjangoProject\myproject\myproject\urls.py changed, reloading.
Watching for file changes with StatReloader
C:\Users\Настя\PycharmProjects\DjangoProject\myproject\myproject\urls.py changed, reloading.
Watching for file changes with StatReloader
